2024-11-08T08:20:38: PM2 log: ===============================================================================
2024-11-08T08:20:38: PM2 log: --- New PM2 Daemon started ----------------------------------------------------
2024-11-08T08:20:38: PM2 log: Time                 : Fri Nov 08 2024 08:20:38 GMT+0000 (Coordinated Universal Time)
2024-11-08T08:20:38: PM2 log: PM2 version          : 5.3.1
2024-11-08T08:20:38: PM2 log: Node.js version      : 21.6.2
2024-11-08T08:20:38: PM2 log: Current arch         : x64
2024-11-08T08:20:38: PM2 log: PM2 home             : /var/www/josepardo/.pm2
2024-11-08T08:20:38: PM2 log: PM2 PID file         : /var/www/josepardo/.pm2/pm2.pid
2024-11-08T08:20:38: PM2 log: RPC socket file      : /var/www/josepardo/.pm2/rpc.sock
2024-11-08T08:20:38: PM2 log: BUS socket file      : /var/www/josepardo/.pm2/pub.sock
2024-11-08T08:20:38: PM2 log: Application log path : /var/www/josepardo/.pm2/logs
2024-11-08T08:20:38: PM2 log: Worker Interval      : 30000
2024-11-08T08:20:38: PM2 log: Process dump file    : /var/www/josepardo/.pm2/dump.pm2
2024-11-08T08:20:38: PM2 log: Concurrent actions   : 2
2024-11-08T08:20:38: PM2 log: SIGTERM timeout      : 1600
2024-11-08T08:20:38: PM2 log: ===============================================================================
2024-11-08T09:45:02: PM2 log: PM2 successfully stopped
2024-11-08T09:45:13: PM2 log: ===============================================================================
2024-11-08T09:45:13: PM2 log: --- New PM2 Daemon started ----------------------------------------------------
2024-11-08T09:45:13: PM2 log: Time                 : Fri Nov 08 2024 09:45:13 GMT+0000 (Coordinated Universal Time)
2024-11-08T09:45:13: PM2 log: PM2 version          : 5.3.1
2024-11-08T09:45:13: PM2 log: Node.js version      : 21.6.2
2024-11-08T09:45:13: PM2 log: Current arch         : x64
2024-11-08T09:45:13: PM2 log: PM2 home             : /var/www/josepardo/.pm2
2024-11-08T09:45:13: PM2 log: PM2 PID file         : /var/www/josepardo/.pm2/pm2.pid
2024-11-08T09:45:13: PM2 log: RPC socket file      : /var/www/josepardo/.pm2/rpc.sock
2024-11-08T09:45:13: PM2 log: BUS socket file      : /var/www/josepardo/.pm2/pub.sock
2024-11-08T09:45:13: PM2 log: Application log path : /var/www/josepardo/.pm2/logs
2024-11-08T09:45:13: PM2 log: Worker Interval      : 30000
2024-11-08T09:45:13: PM2 log: Process dump file    : /var/www/josepardo/.pm2/dump.pm2
2024-11-08T09:45:13: PM2 log: Concurrent actions   : 2
2024-11-08T09:45:13: PM2 log: SIGTERM timeout      : 1600
2024-11-08T09:45:13: PM2 log: ===============================================================================
